<?xml version="1.0" encoding="UTF-8"?>
<testng-results ignored="0" total="1" passed="1" failed="0" skipped="0">
  <reporter-output>
  </reporter-output>
  <suite started-at="2021-01-28T11:02:55 IST" name="Default suite" finished-at="2021-01-28T11:02:58 IST" duration-ms="3472">
    <groups>
    </groups>
    <test started-at="2021-01-28T11:02:55 IST" name="Default test" finished-at="2021-01-28T11:02:58 IST" duration-ms="3472">
      <class name="com.browser.Chrometest">
        <test-method signature="browser()[pri:0, instance:com.browser.Chrometest@60015ef5]" started-at="2021-01-28T11:02:55 IST" name="browser" finished-at="2021-01-28T11:02:58 IST" duration-ms="3416" status="PASS">
          <reporter-output>
          </reporter-output>
        </test-method> <!-- browser -->
      </class> <!-- com.browser.Chrometest -->
    </test> <!-- Default test -->
  </suite> <!-- Default suite -->
</testng-results>
